[debug] [2023-02-21T17:37:50.347Z] ----------------------------------------------------------------------
[debug] [2023-02-21T17:37:50.349Z] Command:       C:\Program Files\nodejs\node.exe C:\Users\somanyu\AppData\Roaming\npm\node_modules\firebase-tools\lib\bin\firebase.js init
[debug] [2023-02-21T17:37:50.350Z] CLI Version:   11.23.1
[debug] [2023-02-21T17:37:50.350Z] Platform:      win32
[debug] [2023-02-21T17:37:50.350Z] Node Version:  v18.12.1
[debug] [2023-02-21T17:37:50.351Z] Time:          Tue Feb 21 2023 23:07:50 GMT+0530 (India Standard Time)
[debug] [2023-02-21T17:37:50.352Z] ----------------------------------------------------------------------
[debug] 
[debug] [2023-02-21T17:37:50.362Z] > command requires scopes: ["email","openid","https://www.googleapis.com/auth/cloudplatformprojects.readonly","https://www.googleapis.com/auth/firebase","https://www.googleapis.com/auth/cloud-platform"]
[debug] [2023-02-21T17:37:50.363Z] > authorizing via signed-in user (somanyu.03samal@gmail.com)
[info] 
     ######## #### ########  ######## ########     ###     ######  ########
     ##        ##  ##     ## ##       ##     ##  ##   ##  ##       ##
     ######    ##  ########  ######   ########  #########  ######  ######
     ##        ##  ##    ##  ##       ##     ## ##     ##       ## ##
     ##       #### ##     ## ######## ########  ##     ##  ######  ########

You're about to initialize a Firebase project in this directory:

  C:\Users\somanyu\Desktop\finproject-client

[info] 
=== Project Setup
[info] 
[info] First, let's associate this project directory with a Firebase project.
[info] You can create multiple project aliases by running firebase use --add, 
[info] but for now we'll just set up a default project.
[info] 
[info] i  If you want to create a project in a Google Cloud organization or folder, please use "firebase projects:create" instead, and return to this command when you've created the project. 
[debug] [2023-02-21T17:39:24.441Z] ----------------------------------------------------------------------
[debug] [2023-02-21T17:39:24.446Z] Command:       C:\Program Files\nodejs\node.exe C:\Users\somanyu\AppData\Roaming\npm\node_modules\firebase-tools\lib\bin\firebase.js init
[debug] [2023-02-21T17:39:24.447Z] CLI Version:   11.23.1
[debug] [2023-02-21T17:39:24.448Z] Platform:      win32
[debug] [2023-02-21T17:39:24.448Z] Node Version:  v18.12.1
[debug] [2023-02-21T17:39:24.450Z] Time:          Tue Feb 21 2023 23:09:24 GMT+0530 (India Standard Time)
[debug] [2023-02-21T17:39:24.450Z] ----------------------------------------------------------------------
[debug] 
[debug] [2023-02-21T17:39:24.471Z] > command requires scopes: ["email","openid","https://www.googleapis.com/auth/cloudplatformprojects.readonly","https://www.googleapis.com/auth/firebase","https://www.googleapis.com/auth/cloud-platform"]
[debug] [2023-02-21T17:39:24.472Z] > authorizing via signed-in user (somanyu.03samal@gmail.com)
[info] 
     ######## #### ########  ######## ########     ###     ######  ########
     ##        ##  ##     ## ##       ##     ##  ##   ##  ##       ##
     ######    ##  ########  ######   ########  #########  ######  ######
     ##        ##  ##    ##  ##       ##     ## ##     ##       ## ##
     ##       #### ##     ## ######## ########  ##     ##  ######  ########

You're about to initialize a Firebase project in this directory:

  C:\Users\somanyu\Desktop\finproject-client

[info] 
=== Project Setup
[info] 
[info] First, let's associate this project directory with a Firebase project.
[info] You can create multiple project aliases by running firebase use --add, 
[info] but for now we'll just set up a default project.
[info] 
[debug] [2023-02-21T17:39:50.902Z] > refreshing access token with scopes: []
[debug] [2023-02-21T17:39:50.907Z] >>> [apiv2][query] POST https://www.googleapis.com/oauth2/v3/token [none]
[debug] [2023-02-21T17:39:50.907Z] >>> [apiv2][body] POST https://www.googleapis.com/oauth2/v3/token [omitted]
[debug] [2023-02-21T17:39:51.410Z] <<< [apiv2][status] POST https://www.googleapis.com/oauth2/v3/token 400
[debug] [2023-02-21T17:39:51.411Z] <<< [apiv2][body] POST https://www.googleapis.com/oauth2/v3/token [omitted]
[debug] [2023-02-21T17:39:51.414Z] >>> [apiv2][query] GET https://firebase.googleapis.com/v1beta1/projects pageSize=100
[debug] [2023-02-21T17:39:51.855Z] <<< [apiv2][status] GET https://firebase.googleapis.com/v1beta1/projects 401
[debug] [2023-02-21T17:39:51.855Z] <<< [apiv2][body] GET https://firebase.googleapis.com/v1beta1/projects [omitted]
[debug] [2023-02-21T17:39:51.857Z] HTTP Error: 401, Request had invalid authentication credentials. Expected OAuth 2 access token, login cookie or other valid authentication credential. See https://developers.google.com/identity/sign-in/web/devconsole-project.
[debug] [2023-02-21T17:39:52.226Z] FirebaseError: HTTP Error: 401, Request had invalid authentication credentials. Expected OAuth 2 access token, login cookie or other valid authentication credential. See https://developers.google.com/identity/sign-in/web/devconsole-project.
    at responseToError (C:\Users\somanyu\AppData\Roaming\npm\node_modules\firebase-tools\lib\responseToError.js:49:12)
    at RetryOperation._fn (C:\Users\somanyu\AppData\Roaming\npm\node_modules\firebase-tools\lib\apiv2.js:288:77)
    at process.processTicksAndRejections (node:internal/process/task_queues:95:5)
[error] 
[error] Error: Failed to list Firebase projects. See firebase-debug.log for more info.
